<?xml version="1.0" encoding="UTF-8"?>
<!-- Generated by org.testng.reporters.JUnitXMLReporter -->
<testsuite ignored="0" hostname="DESKTOP-R5AT5RG" failures="0" tests="1" name="Command line test" time="3.322" errors="0" timestamp="2023-09-05T12:44:51 CEST">
  <testcase classname="com.qa.example.pages.BaseTest" name="@BeforeTest setup" time="3.3">
    <failure type="com.microsoft.playwright.PlaywrightException" message="Error {
  message=&amp;apos;Failed to launch: Error: spawn C:\Program Files\Google\Chrome\Application\chrome.exe EACCES
=========================== logs ===========================
&amp;lt;launching&amp;gt; C:\Program Files\Google\Chrome\Application\chrome.exe --disable-field-trial-config --disable-background-networking --enable-features=NetworkService,NetworkServiceInProcess --disable-background-timer-throttling --disable-backgrounding-occluded-windows --disable-back-forward-cache --disable-breakpad --disable-client-side-phishing-detection --disable-component-extensions-with-background-pages --disable-component-update --no-default-browser-check --disable-default-apps --disable-dev-shm-usage --disable-extensions --disable-features=ImprovedCookieControls,LazyFrameLoading,GlobalMediaControls,DestroyProfileOnBrowserClose,MediaRouter,DialMediaRouteProvider,AcceptCHFrame,AutoExpandDetailsElement,CertificateTransparencyComponentUpdater,AvoidUnnecessaryBeforeUnloadCheckSync,Translate --allow-pre-commit-input --disable-hang-monitor --disable-ipc-flooding-protection --disable-popup-blocking --disable-prompt-on-repost --disable-renderer-backgrounding --force-color-profile=srgb --metrics-recording-only --no-first-run --enable-automation --password-store=basic --use-mock-keychain --no-service-autorun --export-tagged-pdf --no-sandbox --user-data-dir=C:\Users\david\AppData\Local\Temp\playwright_chromiumdev_profile-aC6CZl --remote-debugging-pipe --no-startup-window
[pid=N/A] starting temporary directories cleanup
[pid=N/A] finished temporary directories cleanup
============================================================
  name=&amp;apos;Error
  stack=&amp;apos;Error: Failed to launch: Error: spawn C:\Program Files\Google\Chrome\Application\chrome.exe EACCES
=========================== logs ===========================
&amp;lt;launching&amp;gt; C:\Program Files\Google\Chrome\Application\chrome.exe --disable-field-trial-config --disable-background-networking --enable-features=NetworkService,NetworkServiceInProcess --disable-background-timer-throttling --disable-backgrounding-occluded-windows --disable-back-forward-cache --disable-breakpad --disable-client-side-phishing-detection --disable-component-extensions-with-background-pages --disable-component-update --no-default-browser-check --disable-default-apps --disable-dev-shm-usage --disable-extensions --disable-features=ImprovedCookieControls,LazyFrameLoading,GlobalMediaControls,DestroyProfileOnBrowserClose,MediaRouter,DialMediaRouteProvider,AcceptCHFrame,AutoExpandDetailsElement,CertificateTransparencyComponentUpdater,AvoidUnnecessaryBeforeUnloadCheckSync,Translate --allow-pre-commit-input --disable-hang-monitor --disable-ipc-flooding-protection --disable-popup-blocking --disable-prompt-on-repost --disable-renderer-backgrounding --force-color-profile=srgb --metrics-recording-only --no-first-run --enable-automation --password-store=basic --use-mock-keychain --no-service-autorun --export-tagged-pdf --no-sandbox --user-data-dir=C:\Users\david\AppData\Local\Temp\playwright_chromiumdev_profile-aC6CZl --remote-debugging-pipe --no-startup-window
[pid=N/A] starting temporary directories cleanup
[pid=N/A] finished temporary directories cleanup
============================================================
    at ChildProcess.&amp;lt;anonymous&amp;gt; (C:\Users\david\AppData\Local\Temp\playwright-java-1240833159577137508\package\lib\utils\processLauncher.js:110:14)
    at Object.onceWrapper (node:events:628:26)
    at ChildProcess.emit (node:events:525:35)
    at ChildProcess._handle.onexit (node:internal/child_process:289:12)
    at onErrorNT (node:internal/child_process:476:16)
    at process.processTicksAndRejections (node:internal/process/task_queues:82:21)
}">
      <![CDATA[com.microsoft.playwright.PlaywrightException: Error {
  message='Failed to launch: Error: spawn C:\Program Files\Google\Chrome\Application\chrome.exe EACCES
=========================== logs ===========================
<launching> C:\Program Files\Google\Chrome\Application\chrome.exe --disable-field-trial-config --disable-background-networking --enable-features=NetworkService,NetworkServiceInProcess --disable-background-timer-throttling --disable-backgrounding-occluded-windows --disable-back-forward-cache --disable-breakpad --disable-client-side-phishing-detection --disable-component-extensions-with-background-pages --disable-component-update --no-default-browser-check --disable-default-apps --disable-dev-shm-usage --disable-extensions --disable-features=ImprovedCookieControls,LazyFrameLoading,GlobalMediaControls,DestroyProfileOnBrowserClose,MediaRouter,DialMediaRouteProvider,AcceptCHFrame,AutoExpandDetailsElement,CertificateTransparencyComponentUpdater,AvoidUnnecessaryBeforeUnloadCheckSync,Translate --allow-pre-commit-input --disable-hang-monitor --disable-ipc-flooding-protection --disable-popup-blocking --disable-prompt-on-repost --disable-renderer-backgrounding --force-color-profile=srgb --metrics-recording-only --no-first-run --enable-automation --password-store=basic --use-mock-keychain --no-service-autorun --export-tagged-pdf --no-sandbox --user-data-dir=C:\Users\david\AppData\Local\Temp\playwright_chromiumdev_profile-aC6CZl --remote-debugging-pipe --no-startup-window
[pid=N/A] starting temporary directories cleanup
[pid=N/A] finished temporary directories cleanup
============================================================
  name='Error
  stack='Error: Failed to launch: Error: spawn C:\Program Files\Google\Chrome\Application\chrome.exe EACCES
=========================== logs ===========================
<launching> C:\Program Files\Google\Chrome\Application\chrome.exe --disable-field-trial-config --disable-background-networking --enable-features=NetworkService,NetworkServiceInProcess --disable-background-timer-throttling --disable-backgrounding-occluded-windows --disable-back-forward-cache --disable-breakpad --disable-client-side-phishing-detection --disable-component-extensions-with-background-pages --disable-component-update --no-default-browser-check --disable-default-apps --disable-dev-shm-usage --disable-extensions --disable-features=ImprovedCookieControls,LazyFrameLoading,GlobalMediaControls,DestroyProfileOnBrowserClose,MediaRouter,DialMediaRouteProvider,AcceptCHFrame,AutoExpandDetailsElement,CertificateTransparencyComponentUpdater,AvoidUnnecessaryBeforeUnloadCheckSync,Translate --allow-pre-commit-input --disable-hang-monitor --disable-ipc-flooding-protection --disable-popup-blocking --disable-prompt-on-repost --disable-renderer-backgrounding --force-color-profile=srgb --metrics-recording-only --no-first-run --enable-automation --password-store=basic --use-mock-keychain --no-service-autorun --export-tagged-pdf --no-sandbox --user-data-dir=C:\Users\david\AppData\Local\Temp\playwright_chromiumdev_profile-aC6CZl --remote-debugging-pipe --no-startup-window
[pid=N/A] starting temporary directories cleanup
[pid=N/A] finished temporary directories cleanup
============================================================
    at ChildProcess.<anonymous> (C:\Users\david\AppData\Local\Temp\playwright-java-1240833159577137508\package\lib\utils\processLauncher.js:110:14)
    at Object.onceWrapper (node:events:628:26)
    at ChildProcess.emit (node:events:525:35)
    at ChildProcess._handle.onexit (node:internal/child_process:289:12)
    at onErrorNT (node:internal/child_process:476:16)
    at process.processTicksAndRejections (node:internal/process/task_queues:82:21)
}
at com.microsoft.playwright.impl.WaitableResult.get(WaitableResult.java:54)
at com.microsoft.playwright.impl.ChannelOwner.runUntil(ChannelOwner.java:111)
at com.microsoft.playwright.impl.Connection.sendMessage(Connection.java:126)
at com.microsoft.playwright.impl.ChannelOwner.sendMessage(ChannelOwner.java:102)
at com.microsoft.playwright.impl.BrowserTypeImpl.launchImpl(BrowserTypeImpl.java:52)
at com.microsoft.playwright.impl.BrowserTypeImpl.lambda$launch$0(BrowserTypeImpl.java:44)
at com.microsoft.playwright.impl.LoggingSupport.withLogging(LoggingSupport.java:47)
at com.microsoft.playwright.impl.ChannelOwner.withLogging(ChannelOwner.java:87)
at com.microsoft.playwright.impl.BrowserTypeImpl.launch(BrowserTypeImpl.java:44)
at com.microsoft.playwright.impl.BrowserTypeImpl.launch(BrowserTypeImpl.java:35)
at com.qa.example.factory.PlaywrightFactory.getPage(PlaywrightFactory.java:15)
at com.qa.example.pages.BaseTest.setup(BaseTest.java:18)
Caused by: com.microsoft.playwright.impl.DriverException: Error {
  message='Failed to launch: Error: spawn C:\Program Files\Google\Chrome\Application\chrome.exe EACCES
=========================== logs ===========================
<launching> C:\Program Files\Google\Chrome\Application\chrome.exe --disable-field-trial-config --disable-background-networking --enable-features=NetworkService,NetworkServiceInProcess --disable-background-timer-throttling --disable-backgrounding-occluded-windows --disable-back-forward-cache --disable-breakpad --disable-client-side-phishing-detection --disable-component-extensions-with-background-pages --disable-component-update --no-default-browser-check --disable-default-apps --disable-dev-shm-usage --disable-extensions --disable-features=ImprovedCookieControls,LazyFrameLoading,GlobalMediaControls,DestroyProfileOnBrowserClose,MediaRouter,DialMediaRouteProvider,AcceptCHFrame,AutoExpandDetailsElement,CertificateTransparencyComponentUpdater,AvoidUnnecessaryBeforeUnloadCheckSync,Translate --allow-pre-commit-input --disable-hang-monitor --disable-ipc-flooding-protection --disable-popup-blocking --disable-prompt-on-repost --disable-renderer-backgrounding --force-color-profile=srgb --metrics-recording-only --no-first-run --enable-automation --password-store=basic --use-mock-keychain --no-service-autorun --export-tagged-pdf --no-sandbox --user-data-dir=C:\Users\david\AppData\Local\Temp\playwright_chromiumdev_profile-aC6CZl --remote-debugging-pipe --no-startup-window
[pid=N/A] starting temporary directories cleanup
[pid=N/A] finished temporary directories cleanup
============================================================
  name='Error
  stack='Error: Failed to launch: Error: spawn C:\Program Files\Google\Chrome\Application\chrome.exe EACCES
=========================== logs ===========================
<launching> C:\Program Files\Google\Chrome\Application\chrome.exe --disable-field-trial-config --disable-background-networking --enable-features=NetworkService,NetworkServiceInProcess --disable-background-timer-throttling --disable-backgrounding-occluded-windows --disable-back-forward-cache --disable-breakpad --disable-client-side-phishing-detection --disable-component-extensions-with-background-pages --disable-component-update --no-default-browser-check --disable-default-apps --disable-dev-shm-usage --disable-extensions --disable-features=ImprovedCookieControls,LazyFrameLoading,GlobalMediaControls,DestroyProfileOnBrowserClose,MediaRouter,DialMediaRouteProvider,AcceptCHFrame,AutoExpandDetailsElement,CertificateTransparencyComponentUpdater,AvoidUnnecessaryBeforeUnloadCheckSync,Translate --allow-pre-commit-input --disable-hang-monitor --disable-ipc-flooding-protection --disable-popup-blocking --disable-prompt-on-repost --disable-renderer-backgrounding --force-color-profile=srgb --metrics-recording-only --no-first-run --enable-automation --password-store=basic --use-mock-keychain --no-service-autorun --export-tagged-pdf --no-sandbox --user-data-dir=C:\Users\david\AppData\Local\Temp\playwright_chromiumdev_profile-aC6CZl --remote-debugging-pipe --no-startup-window
[pid=N/A] starting temporary directories cleanup
[pid=N/A] finished temporary directories cleanup
============================================================
    at ChildProcess.<anonymous> (C:\Users\david\AppData\Local\Temp\playwright-java-1240833159577137508\package\lib\utils\processLauncher.js:110:14)
    at Object.onceWrapper (node:events:628:26)
    at ChildProcess.emit (node:events:525:35)
    at ChildProcess._handle.onexit (node:internal/child_process:289:12)
    at onErrorNT (node:internal/child_process:476:16)
    at process.processTicksAndRejections (node:internal/process/task_queues:82:21)
}
at com.microsoft.playwright.impl.Connection.dispatch(Connection.java:226)
at com.microsoft.playwright.impl.Connection.processOneMessage(Connection.java:206)
at com.microsoft.playwright.impl.ChannelOwner.runUntil(ChannelOwner.java:109)
... 39 more
... Removed 29 stack frames]]>
    </failure>
  </testcase> <!-- @BeforeTest setup -->
  <testcase classname="com.qa.example.pages.BaseTest" name="@AfterTest tearDown" time="0.0">
    <skipped/>
  </testcase> <!-- @AfterTest tearDown -->
  <testcase classname="com.qa.example.tests.SimpleFormDemoTests" name="SimpleFormDemo_enterInput_shouldDisplayInput" time="0.0">
    <skipped/>
  </testcase> <!-- SimpleFormDemo_enterInput_shouldDisplayInput -->
</testsuite> <!-- Command line test -->
